Added Component: Designator=COMP2(SOIC127P599X175-8N)
Add component (AddParameter): Name = "Availability"; Value = "Good"; VariantName = "[No Variations]"
Add component (AddParameter): Name = "DigiKey-Purchase-URL"; Value = "https://snapeda.com/shop?store=DigiKey&id=4775895"; VariantName = "[No Variations]"
Add component (AddParameter): Name = "MF"; Value = "Texas Instruments"; VariantName = "[No Variations]"
Add component (AddParameter): Name = "Mouser-Purchase-URL"; Value = "https://snapeda.com/shop?store=Mouser&id=4775895"; VariantName = "[No Variations]"
Add component (AddParameter): Name = "MP"; Value = "TL431CD"; VariantName = "[No Variations]"
Add component (AddParameter): Name = "Package"; Value = "SOIC-8 Texas Instruments"; VariantName = "[No Variations]"
Add component (AddParameter): Name = "Price"; Value = "None"; VariantName = "[No Variations]"
Add component (AddParameter): Name = "SnapEDA_Link"; Value = "https://www.snapeda.com/parts/TL431CD/Texas%20Instruments/view-part/4775895/?ref=snap"; VariantName = "[No Variations]"
Add component (AddParameter): Name = "Texas_Instruments-Purchase-URL"; Value = "https://snapeda.com/shop?store=Texas+Instruments&id=4775895"; VariantName = "[No Variations]"
Add component (AddParameter): Name = "Value"; Value = ""; VariantName = "[No Variations]"
Added Component: Designator=COMP3(SOIC127P599X175-8N)
Add component (AddParameter): Name = "Availability"; Value = "Good"; VariantName = "[No Variations]"
Add component (AddParameter): Name = "DigiKey-Purchase-URL"; Value = "https://snapeda.com/shop?store=DigiKey&id=4775895"; VariantName = "[No Variations]"
Add component (AddParameter): Name = "MF"; Value = "Texas Instruments"; VariantName = "[No Variations]"
Add component (AddParameter): Name = "Mouser-Purchase-URL"; Value = "https://snapeda.com/shop?store=Mouser&id=4775895"; VariantName = "[No Variations]"
Add component (AddParameter): Name = "MP"; Value = "TL431CD"; VariantName = "[No Variations]"
Add component (AddParameter): Name = "Package"; Value = "SOIC-8 Texas Instruments"; VariantName = "[No Variations]"
Add component (AddParameter): Name = "Price"; Value = "None"; VariantName = "[No Variations]"
Add component (AddParameter): Name = "SnapEDA_Link"; Value = "https://www.snapeda.com/parts/TL431CD/Texas%20Instruments/view-part/4775895/?ref=snap"; VariantName = "[No Variations]"
Add component (AddParameter): Name = "Texas_Instruments-Purchase-URL"; Value = "https://snapeda.com/shop?store=Texas+Instruments&id=4775895"; VariantName = "[No Variations]"
Add component (AddParameter): Name = "Value"; Value = ""; VariantName = "[No Variations]"
Added Component: Designator=D5(DIOAD1060W80L520D270)
Add component (AddParameter): Name = "Availability"; Value = "Unavailable"; VariantName = "[No Variations]"
Add component (AddParameter): Name = "MF"; Value = "ON Semiconductor"; VariantName = "[No Variations]"
Add component (AddParameter): Name = "MP"; Value = "1N4007"; VariantName = "[No Variations]"
Add component (AddParameter): Name = "Package"; Value = "DO-41 Good-Ark"; VariantName = "[No Variations]"
Add component (AddParameter): Name = "Price"; Value = "None"; VariantName = "[No Variations]"
Add component (AddParameter): Name = "SnapEDA_Link"; Value = "https://www.snapeda.com/parts/1N4007/ON%20Semiconductor/view-part/2816213/?ref=snap"; VariantName = "[No Variations]"
Add component (AddParameter): Name = "Value"; Value = ""; VariantName = "[No Variations]"
Added Component: Designator=D6(DIOAD1060W80L520D270)
Add component (AddParameter): Name = "Availability"; Value = "Unavailable"; VariantName = "[No Variations]"
Add component (AddParameter): Name = "MF"; Value = "ON Semiconductor"; VariantName = "[No Variations]"
Add component (AddParameter): Name = "MP"; Value = "1N4007"; VariantName = "[No Variations]"
Add component (AddParameter): Name = "Package"; Value = "DO-41 Good-Ark"; VariantName = "[No Variations]"
Add component (AddParameter): Name = "Price"; Value = "None"; VariantName = "[No Variations]"
Add component (AddParameter): Name = "SnapEDA_Link"; Value = "https://www.snapeda.com/parts/1N4007/ON%20Semiconductor/view-part/2816213/?ref=snap"; VariantName = "[No Variations]"
Add component (AddParameter): Name = "Value"; Value = ""; VariantName = "[No Variations]"
Added Component: Designator=D7(DIOAD1060W80L520D270)
Add component (AddParameter): Name = "Availability"; Value = "Unavailable"; VariantName = "[No Variations]"
Add component (AddParameter): Name = "MF"; Value = "ON Semiconductor"; VariantName = "[No Variations]"
Add component (AddParameter): Name = "MP"; Value = "1N4007"; VariantName = "[No Variations]"
Add component (AddParameter): Name = "Package"; Value = "DO-41 Good-Ark"; VariantName = "[No Variations]"
Add component (AddParameter): Name = "Price"; Value = "None"; VariantName = "[No Variations]"
Add component (AddParameter): Name = "SnapEDA_Link"; Value = "https://www.snapeda.com/parts/1N4007/ON%20Semiconductor/view-part/2816213/?ref=snap"; VariantName = "[No Variations]"
Add component (AddParameter): Name = "Value"; Value = ""; VariantName = "[No Variations]"
Added Component: Designator=D8(DIOAD1060W80L520D270)
Add component (AddParameter): Name = "Availability"; Value = "Unavailable"; VariantName = "[No Variations]"
Add component (AddParameter): Name = "MF"; Value = "ON Semiconductor"; VariantName = "[No Variations]"
Add component (AddParameter): Name = "MP"; Value = "1N4007"; VariantName = "[No Variations]"
Add component (AddParameter): Name = "Package"; Value = "DO-41 Good-Ark"; VariantName = "[No Variations]"
Add component (AddParameter): Name = "Price"; Value = "None"; VariantName = "[No Variations]"
Add component (AddParameter): Name = "SnapEDA_Link"; Value = "https://www.snapeda.com/parts/1N4007/ON%20Semiconductor/view-part/2816213/?ref=snap"; VariantName = "[No Variations]"
Add component (AddParameter): Name = "Value"; Value = ""; VariantName = "[No Variations]"
Added Component: Designator=D9(DIOAD1060W80L520D270)
Add component (AddParameter): Name = "Availability"; Value = "Unavailable"; VariantName = "[No Variations]"
Add component (AddParameter): Name = "MF"; Value = "ON Semiconductor"; VariantName = "[No Variations]"
Add component (AddParameter): Name = "MP"; Value = "1N4007"; VariantName = "[No Variations]"
Add component (AddParameter): Name = "Package"; Value = "DO-41 Good-Ark"; VariantName = "[No Variations]"
Add component (AddParameter): Name = "Price"; Value = "None"; VariantName = "[No Variations]"
Add component (AddParameter): Name = "SnapEDA_Link"; Value = "https://www.snapeda.com/parts/1N4007/ON%20Semiconductor/view-part/2816213/?ref=snap"; VariantName = "[No Variations]"
Add component (AddParameter): Name = "Value"; Value = ""; VariantName = "[No Variations]"
Added Component: Designator=D10(DIOAD1060W80L520D270)
Add component (AddParameter): Name = "Availability"; Value = "Unavailable"; VariantName = "[No Variations]"
Add component (AddParameter): Name = "MF"; Value = "ON Semiconductor"; VariantName = "[No Variations]"
Add component (AddParameter): Name = "MP"; Value = "1N4007"; VariantName = "[No Variations]"
Add component (AddParameter): Name = "Package"; Value = "DO-41 Good-Ark"; VariantName = "[No Variations]"
Add component (AddParameter): Name = "Price"; Value = "None"; VariantName = "[No Variations]"
Add component (AddParameter): Name = "SnapEDA_Link"; Value = "https://www.snapeda.com/parts/1N4007/ON%20Semiconductor/view-part/2816213/?ref=snap"; VariantName = "[No Variations]"
Add component (AddParameter): Name = "Value"; Value = ""; VariantName = "[No Variations]"
Added Component: Designator=D11(DIOAD1060W80L520D270)
Add component (AddParameter): Name = "Availability"; Value = "Unavailable"; VariantName = "[No Variations]"
Add component (AddParameter): Name = "MF"; Value = "ON Semiconductor"; VariantName = "[No Variations]"
Add component (AddParameter): Name = "MP"; Value = "1N4007"; VariantName = "[No Variations]"
Add component (AddParameter): Name = "Package"; Value = "DO-41 Good-Ark"; VariantName = "[No Variations]"
Add component (AddParameter): Name = "Price"; Value = "None"; VariantName = "[No Variations]"
Add component (AddParameter): Name = "SnapEDA_Link"; Value = "https://www.snapeda.com/parts/1N4007/ON%20Semiconductor/view-part/2816213/?ref=snap"; VariantName = "[No Variations]"
Add component (AddParameter): Name = "Value"; Value = ""; VariantName = "[No Variations]"
Added Component: Designator=D12(DIOAD1060W80L520D270)
Add component (AddParameter): Name = "Availability"; Value = "Unavailable"; VariantName = "[No Variations]"
Add component (AddParameter): Name = "MF"; Value = "ON Semiconductor"; VariantName = "[No Variations]"
Add component (AddParameter): Name = "MP"; Value = "1N4007"; VariantName = "[No Variations]"
Add component (AddParameter): Name = "Package"; Value = "DO-41 Good-Ark"; VariantName = "[No Variations]"
Add component (AddParameter): Name = "Price"; Value = "None"; VariantName = "[No Variations]"
Add component (AddParameter): Name = "SnapEDA_Link"; Value = "https://www.snapeda.com/parts/1N4007/ON%20Semiconductor/view-part/2816213/?ref=snap"; VariantName = "[No Variations]"
Add component (AddParameter): Name = "Value"; Value = ""; VariantName = "[No Variations]"
Added Component: Designator=DP1(Power Ground Input)
Added Component: Designator=DP2(Power Ground Input)
Added Component: Designator=DP3(Power Ground Input)
Added Component: Designator=LED1(LED_151054RS03000)
Add component (AddParameter): Name = "Availability"; Value = "Unavailable"; VariantName = "[No Variations]"
Add component (AddParameter): Name = "MF"; Value = "Wurth Electronics"; VariantName = "[No Variations]"
Add component (AddParameter): Name = "MP"; Value = "151054RS03000"; VariantName = "[No Variations]"
Add component (AddParameter): Name = "Package"; Value = "Radial Würth Elektronik"; VariantName = "[No Variations]"
Add component (AddParameter): Name = "Price"; Value = "None"; VariantName = "[No Variations]"
Add component (AddParameter): Name = "SnapEDA_Link"; Value = "https://www.snapeda.com/parts/151054RS03000/Wurth%20Electronics%20Inc./view-part/609365/?ref=snap"; VariantName = "[No Variations]"
Add component (AddParameter): Name = "Value"; Value = ""; VariantName = "[No Variations]"
Added Component: Designator=LED2(LED_151054RS03000)
Add component (AddParameter): Name = "Availability"; Value = "Unavailable"; VariantName = "[No Variations]"
Add component (AddParameter): Name = "MF"; Value = "Wurth Electronics"; VariantName = "[No Variations]"
Add component (AddParameter): Name = "MP"; Value = "151054RS03000"; VariantName = "[No Variations]"
Add component (AddParameter): Name = "Package"; Value = "Radial Würth Elektronik"; VariantName = "[No Variations]"
Add component (AddParameter): Name = "Price"; Value = "None"; VariantName = "[No Variations]"
Add component (AddParameter): Name = "SnapEDA_Link"; Value = "https://www.snapeda.com/parts/151054RS03000/Wurth%20Electronics%20Inc./view-part/609365/?ref=snap"; VariantName = "[No Variations]"
Add component (AddParameter): Name = "Value"; Value = ""; VariantName = "[No Variations]"
Added Component: Designator=LED3(LED_151054RS03000)
Add component (AddParameter): Name = "Availability"; Value = "Unavailable"; VariantName = "[No Variations]"
Add component (AddParameter): Name = "MF"; Value = "Wurth Electronics"; VariantName = "[No Variations]"
Add component (AddParameter): Name = "MP"; Value = "151054RS03000"; VariantName = "[No Variations]"
Add component (AddParameter): Name = "Package"; Value = "Radial Würth Elektronik"; VariantName = "[No Variations]"
Add component (AddParameter): Name = "Price"; Value = "None"; VariantName = "[No Variations]"
Add component (AddParameter): Name = "SnapEDA_Link"; Value = "https://www.snapeda.com/parts/151054RS03000/Wurth%20Electronics%20Inc./view-part/609365/?ref=snap"; VariantName = "[No Variations]"
Add component (AddParameter): Name = "Value"; Value = ""; VariantName = "[No Variations]"
Added Component: Designator=LVR1(TO245P780X300X1364-3)
Add component (AddParameter): Name = "Availability"; Value = "Unavailable"; VariantName = "[No Variations]"
Add component (AddParameter): Name = "MF"; Value = "ON Semiconductor"; VariantName = "[No Variations]"
Add component (AddParameter): Name = "MP"; Value = "LM317"; VariantName = "[No Variations]"
Add component (AddParameter): Name = "Package"; Value = "SOIC-8 ON Semiconductor"; VariantName = "[No Variations]"
Add component (AddParameter): Name = "Price"; Value = "None"; VariantName = "[No Variations]"
Add component (AddParameter): Name = "SnapEDA_Link"; Value = "https://www.snapeda.com/parts/LM317/ON%20Semiconductor/view-part/2723883/?ref=snap"; VariantName = "[No Variations]"
Add component (AddParameter): Name = "Value"; Value = ""; VariantName = "[No Variations]"
Added Component: Designator=LVR2(TO245P780X300X1364-3)
Add component (AddParameter): Name = "Availability"; Value = "Unavailable"; VariantName = "[No Variations]"
Add component (AddParameter): Name = "MF"; Value = "ON Semiconductor"; VariantName = "[No Variations]"
Add component (AddParameter): Name = "MP"; Value = "LM317"; VariantName = "[No Variations]"
Add component (AddParameter): Name = "Package"; Value = "SOIC-8 ON Semiconductor"; VariantName = "[No Variations]"
Add component (AddParameter): Name = "Price"; Value = "None"; VariantName = "[No Variations]"
Add component (AddParameter): Name = "SnapEDA_Link"; Value = "https://www.snapeda.com/parts/LM317/ON%20Semiconductor/view-part/2723883/?ref=snap"; VariantName = "[No Variations]"
Add component (AddParameter): Name = "Value"; Value = ""; VariantName = "[No Variations]"
Added Component: Designator=R4(RESC2012X65N)
Add component (AddParameter): Name = "Availability"; Value = "Unavailable"; VariantName = "[No Variations]"
Add component (AddParameter): Name = "EU_RoHS_Compliance"; Value = "Compliant with Exemptions"; VariantName = "[No Variations]"
Add component (AddParameter): Name = "MF"; Value = "TE Connectivity"; VariantName = "[No Variations]"
Add component (AddParameter): Name = "MP"; Value = "2-2176053-0"; VariantName = "[No Variations]"
Add component (AddParameter): Name = "Package"; Value = "0805"; VariantName = "[No Variations]"
Add component (AddParameter): Name = "Power_Rating"; Value = ".25 W"; VariantName = "[No Variations]"
Add component (AddParameter): Name = "Price"; Value = "None"; VariantName = "[No Variations]"
Add component (AddParameter): Name = "Resistance"; Value = ".33"; VariantName = "[No Variations]"
Add component (AddParameter): Name = "SnapEDA_Link"; Value = "https://www.snapeda.com/parts/2-2176053-0/TE%20Connectivity/view-part/2214508/?ref=snap"; VariantName = "[No Variations]"
Add component (AddParameter): Name = "Tolerance"; Value = "1%"; VariantName = "[No Variations]"
Add component (AddParameter): Name = "Value"; Value = ""; VariantName = "[No Variations]"
Added Component: Designator=R8(RESC2012X65N)
Add component (AddParameter): Name = "Availability"; Value = "Unavailable"; VariantName = "[No Variations]"
Add component (AddParameter): Name = "EU_RoHS_Compliance"; Value = "Compliant with Exemptions"; VariantName = "[No Variations]"
Add component (AddParameter): Name = "MF"; Value = "TE Connectivity"; VariantName = "[No Variations]"
Add component (AddParameter): Name = "MP"; Value = "2-2176053-0"; VariantName = "[No Variations]"
Add component (AddParameter): Name = "Package"; Value = "0805"; VariantName = "[No Variations]"
Add component (AddParameter): Name = "Power_Rating"; Value = ".25 W"; VariantName = "[No Variations]"
Add component (AddParameter): Name = "Price"; Value = "None"; VariantName = "[No Variations]"
Add component (AddParameter): Name = "Resistance"; Value = ".33"; VariantName = "[No Variations]"
Add component (AddParameter): Name = "SnapEDA_Link"; Value = "https://www.snapeda.com/parts/2-2176053-0/TE%20Connectivity/view-part/2214508/?ref=snap"; VariantName = "[No Variations]"
Add component (AddParameter): Name = "Tolerance"; Value = "1%"; VariantName = "[No Variations]"
Add component (AddParameter): Name = "Value"; Value = ""; VariantName = "[No Variations]"
Added Component: Designator=R13(RESC2012X65N)
Add component (AddParameter): Name = "Availability"; Value = "Unavailable"; VariantName = "[No Variations]"
Add component (AddParameter): Name = "EU_RoHS_Compliance"; Value = "Compliant with Exemptions"; VariantName = "[No Variations]"
Add component (AddParameter): Name = "MF"; Value = "TE Connectivity"; VariantName = "[No Variations]"
Add component (AddParameter): Name = "MP"; Value = "2-2176053-0"; VariantName = "[No Variations]"
Add component (AddParameter): Name = "Package"; Value = "0805"; VariantName = "[No Variations]"
Add component (AddParameter): Name = "Power_Rating"; Value = ".25 W"; VariantName = "[No Variations]"
Add component (AddParameter): Name = "Price"; Value = "None"; VariantName = "[No Variations]"
Add component (AddParameter): Name = "Resistance"; Value = ".33"; VariantName = "[No Variations]"
Add component (AddParameter): Name = "SnapEDA_Link"; Value = "https://www.snapeda.com/parts/2-2176053-0/TE%20Connectivity/view-part/2214508/?ref=snap"; VariantName = "[No Variations]"
Add component (AddParameter): Name = "Tolerance"; Value = "1%"; VariantName = "[No Variations]"
Add component (AddParameter): Name = "Value"; Value = ""; VariantName = "[No Variations]"
Added Component: Designator=R14(RESC2012X65N)
Add component (AddParameter): Name = "Availability"; Value = "Unavailable"; VariantName = "[No Variations]"
Add component (AddParameter): Name = "EU_RoHS_Compliance"; Value = "Compliant with Exemptions"; VariantName = "[No Variations]"
Add component (AddParameter): Name = "MF"; Value = "TE Connectivity"; VariantName = "[No Variations]"
Add component (AddParameter): Name = "MP"; Value = "2-2176053-0"; VariantName = "[No Variations]"
Add component (AddParameter): Name = "Package"; Value = "0805"; VariantName = "[No Variations]"
Add component (AddParameter): Name = "Power_Rating"; Value = ".25 W"; VariantName = "[No Variations]"
Add component (AddParameter): Name = "Price"; Value = "None"; VariantName = "[No Variations]"
Add component (AddParameter): Name = "Resistance"; Value = ".33"; VariantName = "[No Variations]"
Add component (AddParameter): Name = "SnapEDA_Link"; Value = "https://www.snapeda.com/parts/2-2176053-0/TE%20Connectivity/view-part/2214508/?ref=snap"; VariantName = "[No Variations]"
Add component (AddParameter): Name = "Tolerance"; Value = "1%"; VariantName = "[No Variations]"
Add component (AddParameter): Name = "Value"; Value = ""; VariantName = "[No Variations]"
Added Component: Designator=R15(RESC2012X65N)
Add component (AddParameter): Name = "Availability"; Value = "Unavailable"; VariantName = "[No Variations]"
Add component (AddParameter): Name = "EU_RoHS_Compliance"; Value = "Compliant with Exemptions"; VariantName = "[No Variations]"
Add component (AddParameter): Name = "MF"; Value = "TE Connectivity"; VariantName = "[No Variations]"
Add component (AddParameter): Name = "MP"; Value = "2-2176053-0"; VariantName = "[No Variations]"
Add component (AddParameter): Name = "Package"; Value = "0805"; VariantName = "[No Variations]"
Add component (AddParameter): Name = "Power_Rating"; Value = ".25 W"; VariantName = "[No Variations]"
Add component (AddParameter): Name = "Price"; Value = "None"; VariantName = "[No Variations]"
Add component (AddParameter): Name = "Resistance"; Value = ".33"; VariantName = "[No Variations]"
Add component (AddParameter): Name = "SnapEDA_Link"; Value = "https://www.snapeda.com/parts/2-2176053-0/TE%20Connectivity/view-part/2214508/?ref=snap"; VariantName = "[No Variations]"
Add component (AddParameter): Name = "Tolerance"; Value = "1%"; VariantName = "[No Variations]"
Add component (AddParameter): Name = "Value"; Value = ""; VariantName = "[No Variations]"
Added Component: Designator=T1(TO245P780X300X1364-3)
Add component (AddParameter): Name = "Availability"; Value = "Unavailable"; VariantName = "[No Variations]"
Add component (AddParameter): Name = "MF"; Value = "STMicroelectronics"; VariantName = "[No Variations]"
Add component (AddParameter): Name = "MP"; Value = "BD140"; VariantName = "[No Variations]"
Add component (AddParameter): Name = "Package"; Value = "TO-126 STMicroelectronics"; VariantName = "[No Variations]"
Add component (AddParameter): Name = "Price"; Value = "None"; VariantName = "[No Variations]"
Add component (AddParameter): Name = "SnapEDA_Link"; Value = "https://www.snapeda.com/parts/BD140/STMicroelectronics/view-part/4503197/?ref=snap"; VariantName = "[No Variations]"
Add component (AddParameter): Name = "Value"; Value = ""; VariantName = "[No Variations]"
Added Component: Designator=T2(TO245P780X300X1364-3)
Add component (AddParameter): Name = "Availability"; Value = "Unavailable"; VariantName = "[No Variations]"
Add component (AddParameter): Name = "MF"; Value = "STMicroelectronics"; VariantName = "[No Variations]"
Add component (AddParameter): Name = "MP"; Value = "BD140"; VariantName = "[No Variations]"
Add component (AddParameter): Name = "Package"; Value = "TO-126 STMicroelectronics"; VariantName = "[No Variations]"
Add component (AddParameter): Name = "Price"; Value = "None"; VariantName = "[No Variations]"
Add component (AddParameter): Name = "SnapEDA_Link"; Value = "https://www.snapeda.com/parts/BD140/STMicroelectronics/view-part/4503197/?ref=snap"; VariantName = "[No Variations]"
Add component (AddParameter): Name = "Value"; Value = ""; VariantName = "[No Variations]"
Added Component: Designator=T3(TO245P780X300X1364-3)
Add component (AddParameter): Name = "Availability"; Value = "Unavailable"; VariantName = "[No Variations]"
Add component (AddParameter): Name = "MF"; Value = "STMicroelectronics"; VariantName = "[No Variations]"
Add component (AddParameter): Name = "MP"; Value = "BD140"; VariantName = "[No Variations]"
Add component (AddParameter): Name = "Package"; Value = "TO-126 STMicroelectronics"; VariantName = "[No Variations]"
Add component (AddParameter): Name = "Price"; Value = "None"; VariantName = "[No Variations]"
Add component (AddParameter): Name = "SnapEDA_Link"; Value = "https://www.snapeda.com/parts/BD140/STMicroelectronics/view-part/4503197/?ref=snap"; VariantName = "[No Variations]"
Add component (AddParameter): Name = "Value"; Value = ""; VariantName = "[No Variations]"
Added Pin To Net: NetName=NetCOMP2_1 Pin=COMP2-1
Added Pin To Net: NetName=NetCOMP2_6 Pin=COMP2-6
Added Pin To Net: NetName=NetCOMP2_8 Pin=COMP2-8
Added Pin To Net: NetName=NetCOMP3_1 Pin=COMP3-1
Added Pin To Net: NetName=NetCOMP3_6 Pin=COMP3-6
Added Pin To Net: NetName=NetCOMP3_8 Pin=COMP3-8
Added Pin To Net: NetName=NetD5_A Pin=D5-A
Added Pin To Net: NetName=NetD5_C Pin=D5-C
Added Pin To Net: NetName=NetD5_C Pin=D6-A
Added Pin To Net: NetName=NetD6_C Pin=D6-C
Added Pin To Net: NetName=NetD6_C Pin=D7-A
Added Pin To Net: NetName=NetD7_C Pin=D7-C
Added Pin To Net: NetName=NetD7_C Pin=D8-A
Added Pin To Net: NetName=NetCOMP2_6 Pin=D8-C
Added Pin To Net: NetName=NetD9_A Pin=D9-A
Added Pin To Net: NetName=NetD9_C Pin=D9-C
Added Pin To Net: NetName=NetD9_C Pin=D10-A
Added Pin To Net: NetName=NetD10_C Pin=D10-C
Added Pin To Net: NetName=NetD10_C Pin=D11-A
Added Pin To Net: NetName=NetD11_C Pin=D11-C
Added Pin To Net: NetName=NetD11_C Pin=D12-A
Added Pin To Net: NetName=NetCOMP3_6 Pin=D12-C
Added Pin To Net: NetName=NetDP1_0 Pin=DP1-0
Added Pin To Net: NetName=NetCOMP1_6 Pin=DP1-1
Added Pin To Net: NetName=NetCOMP1_6 Pin=DP2-0
Added Pin To Net: NetName=NetCOMP2_6 Pin=DP2-1
Added Pin To Net: NetName=NetCOMP2_6 Pin=DP3-0
Added Pin To Net: NetName=NetLED1_A Pin=LED1-A
Added Pin To Net: NetName=NetCOMP1_6 Pin=LED1-C
Added Pin To Net: NetName=NetLED2_A Pin=LED2-A
Added Pin To Net: NetName=NetCOMP2_6 Pin=LED2-C
Added Pin To Net: NetName=NetLED3_A Pin=LED3-A
Added Pin To Net: NetName=NetCOMP3_6 Pin=LED3-C
Added Pin To Net: NetName=NetLVR1_1 Pin=LVR1-1
Added Pin To Net: NetName=NetLVR1_2 Pin=LVR1-2
Added Pin To Net: NetName=NetJ1_1 Pin=LVR1-3
Added Pin To Net: NetName=NetDP1_0 Pin=LVR2-1
Added Pin To Net: NetName=NetLVR2_2 Pin=LVR2-2
Added Pin To Net: NetName=NetLVR1_2 Pin=LVR2-3
Added Pin To Net: NetName=NetLED1_A Pin=R4-1
Added Pin To Net: NetName=NetD1_A Pin=R4-2
Added Pin To Net: NetName=NetLED2_A Pin=R8-1
Added Pin To Net: NetName=NetD5_A Pin=R8-2
Added Pin To Net: NetName=NetCOMP3_6 Pin=R13-1
Added Pin To Net: NetName=NetLVR1_1 Pin=R13-2
Added Pin To Net: NetName=NetLVR1_1 Pin=R14-1
Added Pin To Net: NetName=NetLVR1_2 Pin=R14-2
Added Pin To Net: NetName=NetLVR2_2 Pin=R15-1
Added Pin To Net: NetName=NetDP1_0 Pin=R15-2
Added Pin To Net: NetName=NetDP1_0 Pin=T1-1
Added Pin To Net: NetName=NetD1_A Pin=T1-2
Added Pin To Net: NetName=NetCOMP1_1 Pin=T1-3
Added Pin To Net: NetName=NetCOMP1_6 Pin=T2-1
Added Pin To Net: NetName=NetD5_A Pin=T2-2
Added Pin To Net: NetName=NetCOMP2_1 Pin=T2-3
Added Pin To Net: NetName=NetCOMP2_6 Pin=T3-1
Added Pin To Net: NetName=NetD9_A Pin=T3-2
Added Pin To Net: NetName=NetCOMP3_1 Pin=T3-3
Added Member To Class: ClassName=BMS-Sch Member=Component COMP2 TL431
Added Member To Class: ClassName=BMS-Sch Member=Component COMP3 TL431
Added Member To Class: ClassName=BMS-Sch Member=Component D5 Diode
Added Member To Class: ClassName=BMS-Sch Member=Component D6 Diode
Added Member To Class: ClassName=BMS-Sch Member=Component D7 Diode
Added Member To Class: ClassName=BMS-Sch Member=Component D8 Diode
Added Member To Class: ClassName=BMS-Sch Member=Component D9 Diode
Added Member To Class: ClassName=BMS-Sch Member=Component D10 Diode
Added Member To Class: ClassName=BMS-Sch Member=Component D11 Diode
Added Member To Class: ClassName=BMS-Sch Member=Component D12 Diode
Added Member To Class: ClassName=BMS-Sch Member=Component DP1 Deans Plug
Added Member To Class: ClassName=BMS-Sch Member=Component DP2 Deans Plug
Added Member To Class: ClassName=BMS-Sch Member=Component DP3 Deans Plug
Added Member To Class: ClassName=BMS-Sch Member=Component LED1 LED
Added Member To Class: ClassName=BMS-Sch Member=Component LED2 LED
Added Member To Class: ClassName=BMS-Sch Member=Component LED3 LED
Added Member To Class: ClassName=BMS-Sch Member=Component LVR1 LM317
Added Member To Class: ClassName=BMS-Sch Member=Component LVR2 LM317
Added Member To Class: ClassName=BMS-Sch Member=Component R4 330
Added Member To Class: ClassName=BMS-Sch Member=Component R8 330
Added Member To Class: ClassName=BMS-Sch Member=Component R13 4.7k
Added Member To Class: ClassName=BMS-Sch Member=Component R14 550
Added Member To Class: ClassName=BMS-Sch Member=Component R15 2Ohm 1W
Added Member To Class: ClassName=BMS-Sch Member=Component T1 BD140
Added Member To Class: ClassName=BMS-Sch Member=Component T2 BD140
Added Member To Class: ClassName=BMS-Sch Member=Component T3 BD140
Added Member To Class: ClassName=BMS-Sch Member=Component U1 RASPBERRYPI4_4GB
Added Member To Class: ClassName=BMS-Sch Member=Component U2 Stepper Driver
Added Member To Class: ClassName=BMS-Sch Member=Component U3 Stepper Driver
Added Room: Name=BMS-Sch
