Added Component: Designator=U6(ROTARY ENCODER - Hull)
Added Pin To Net: NetName=5V Pin=U5-9
Added Pin To Net: NetName=5V Pin=U5-9
Added Pin To Net: NetName=5V Pin=U6-0
Added Pin To Net: NetName=5V Pin=U6-0
Added Pin To Net: NetName=GND Pin=U6-2
Added Pin To Net: NetName=GND Pin=U6-2
Added Pin To Net: NetName=NetU5_6 Pin=U6-3
Added Pin To Net: NetName=NetU5_6 Pin=U6-3
Added Pin To Net: NetName=NetU5_7 Pin=U6-4
Added Pin To Net: NetName=NetU5_7 Pin=U6-4
Added Pin To Net: NetName=NetJ3_2 Pin=U6-6
Added Pin To Net: NetName=NetJ3_2 Pin=U6-6
Added Pin To Net: NetName=NetJ3_3 Pin=U6-7
Added Pin To Net: NetName=NetJ3_3 Pin=U6-7
Added Member To Class: ClassName=BMS-Sch Member=Component U1 RASPBERRYPI4_4GB
Added Member To Class: ClassName=BMS-Sch Member=Component U2 Stepper Driver
Added Member To Class: ClassName=BMS-Sch Member=Component U3 Stepper Driver
Added Member To Class: ClassName=BMS-Sch Member=Component U6 Rotary Encoder
Added Room: Name=BMS-Sch
